#
# There is insufficient memory for the Java Runtime Environment to continue.
# Native memory allocation (mmap) failed to map 536870912 bytes for G1 virtual space
# Possible reasons:
#   The system is out of physical RAM or swap space
#   The process is running with CompressedOops enabled, and the Java Heap may be blocking the growth of the native heap
# Possible solutions:
#   Reduce memory load on the system
#   Increase physical memory or swap space
#   Check if swap backing store is full
#   Decrease Java heap size (-Xmx/-Xms)
#   Decrease number of Java threads
#   Decrease Java thread stack sizes (-Xss)
#   Set larger code cache with -XX:ReservedCodeCacheSize=
#   JVM is running with Zero Based Compressed Oops mode in which the Java heap is
#     placed in the first 32GB address space. The Java Heap base address is the
#     maximum limit for the native heap growth. Please use -XX:HeapBaseMinAddress
#     to set the Java Heap base and to place the Java Heap above 32GB virtual address.
# This output file may be truncated or incomplete.
#
#  Out of Memory Error (os_windows.cpp:3548), pid=16756, tid=17800
#
# JRE version:  (17.0.10+11) (build )
# Java VM: Java HotSpot(TM) 64-Bit Server VM (17.0.10+11-LTS-240, mixed mode, sharing, tiered, compressed oops, compressed class ptrs, g1 gc, windows-amd64)
# No core dump will be written. Minidumps are not enabled by default on client versions of Windows
#

---------------  S U M M A R Y ------------

Command Line: -Dclassworlds.conf=C:\apache-maven-3.9.8\bin\m2.conf -Dmaven.home=C:\apache-maven-3.9.8 -Dlibrary.jansi.path=C:\apache-maven-3.9.8\lib\jansi-native -Dmaven.multiModuleProjectDirectory=f:\lanchanote org.codehaus.plexus.classworlds.launcher.Launcher --version

Host: AMD Ryzen 5 5500                               , 12 cores, 31G,  Windows 11 , 64 bit Build 22621 (10.0.22621.3958)
Time: Sat Aug 10 17:29:26 2024 Hora oficial do Brasil elapsed time: 0.012143 seconds (0d 0h 0m 0s)

---------------  T H R E A D  ---------------

Current thread (0x0000027653c357d0):  JavaThread "Unknown thread" [_thread_in_vm, id=17800, stack(0x000000a2eff00000,0x000000a2f0000000)]

Stack: [0x000000a2eff00000,0x000000a2f0000000]
Native frames: (J=compiled Java code, j=interpreted, Vv=VM code, C=native code)
V  [jvm.dll+0x677a5a]
V  [jvm.dll+0x7d8b2d]
V  [jvm.dll+0x7da48e]
V  [jvm.dll+0x7daaf3]
V  [jvm.dll+0x2455ff]
V  [jvm.dll+0x6749b9]
V  [jvm.dll+0x669382]
V  [jvm.dll+0x302e96]
V  [jvm.dll+0x30a416]
V  [jvm.dll+0x359cbe]
V  [jvm.dll+0x359eef]
V  [jvm.dll+0x2d9e88]
V  [jvm.dll+0x2dadf4]
V  [jvm.dll+0x7aa551]
V  [jvm.dll+0x367911]
V  [jvm.dll+0x789639]
V  [jvm.dll+0x3eb30f]
V  [jvm.dll+0x3ecd91]
C  [jli.dll+0x5297]
C  [ucrtbase.dll+0x29333]
C  [KERNEL32.DLL+0x1257d]
C  [ntdll.dll+0x5af28]


---------------  P R O C E S S  ---------------

Threads class SMR info:
_java_thread_list=0x00007fff9e486a18, length=0, elements={
}

Java Threads: ( => current thread )

Other Threads:
  0x0000027653ce27a0 GCTaskThread "GC Thread#0" [stack: 0x000000a2f0000000,0x000000a2f0100000] [id=13444]
  0x0000027653cf3540 ConcurrentGCThread "G1 Main Marker" [stack: 0x000000a2f0100000,0x000000a2f0200000] [id=20664]
  0x0000027653cf5700 ConcurrentGCThread "G1 Conc#0" [stack: 0x000000a2f0200000,0x000000a2f0300000] [id=7452]

[error occurred during error reporting (printing all threads), id 0xc0000005, EXCEPTION_ACCESS_VIOLATION (0xc0000005) at pc=0x00007fff9dcbaae7]

VM state: not at safepoint (not fully initialized)

VM Mutex/Monitor currently owned by a thread:  ([mutex/lock_event])
[0x0000027653c31ab0] Heap_lock - owner thread: 0x0000027653c357d0

Heap address: 0x0000000603400000, size: 8140 MB, Compressed Oops mode: Zero based, Oop shift amount: 3

CDS archive(s) mapped at: [0x0000000000000000-0x0000000000000000-0x0000000000000000), size 0, SharedBaseAddress: 0x0000000800000000, ArchiveRelocationMode: 1.
Narrow klass base: 0x0000000000000000, Narrow klass shift: 0, Narrow klass range: 0x0

GC Precious Log:
<Empty>

Heap:
 garbage-first heap   total 0K, used 0K [0x0000000603400000, 0x0000000800000000)
  region size 4096K, 0 young (0K), 0 survivors (0K)

[error occurred during error reporting (printing heap information), id 0xc0000005, EXCEPTION_ACCESS_VIOLATION (0xc0000005) at pc=0x00007fff9e0a1249]

GC Heap History (0 events):
No events

Deoptimization events (0 events):
No events

Classes unloaded (0 events):
No events

Classes redefined (0 events):
No events

Internal exceptions (0 events):
No events

VM Operations (0 events):
No events

Events (1 events):
Event: 0.008 Loaded shared library C:\Program Files\Java\jdk-17\bin\java.dll


Dynamic libraries:
0x00007ff7208e0000 - 0x00007ff7208f0000 	C:\Program Files\Java\jdk-17\bin\java.exe
0x00007fffdd970000 - 0x00007fffddb87000 	C:\Windows\SYSTEM32\ntdll.dll
0x00007fffdc760000 - 0x00007fffdc824000 	C:\Windows\System32\KERNEL32.DLL
0x00007fffdb100000 - 0x00007fffdb4ad000 	C:\Windows\System32\KERNELBASE.dll
0x00007fffdafe0000 - 0x00007fffdb0f1000 	C:\Windows\System32\ucrtbase.dll
0x00007fffc73d0000 - 0x00007fffc73e9000 	C:\Program Files\Java\jdk-17\bin\jli.dll
0x00007fffdce70000 - 0x00007fffdcf22000 	C:\Windows\System32\ADVAPI32.dll
0x00007fffc73b0000 - 0x00007fffc73cb000 	C:\Program Files\Java\jdk-17\bin\VCRUNTIME140.dll
0x00007fffdc320000 - 0x00007fffdc3c7000 	C:\Windows\System32\msvcrt.dll
0x00007fffdca50000 - 0x00007fffdcaf9000 	C:\Windows\System32\sechost.dll
0x00007fffdb560000 - 0x00007fffdb588000 	C:\Windows\System32\bcrypt.dll
0x00007fffdb7d0000 - 0x00007fffdb8e4000 	C:\Windows\System32\RPCRT4.dll
0x00007fffdc8a0000 - 0x00007fffdca4e000 	C:\Windows\System32\USER32.dll
0x00007fffdb530000 - 0x00007fffdb556000 	C:\Windows\System32\win32u.dll
0x00007fffc6cd0000 - 0x00007fffc6f63000 	C:\Windows\WinSxS\amd64_microsoft.windows.common-controls_6595b64144ccf1df_6.0.22621.3672_none_2713b9d173822955\COMCTL32.dll
0x00007fffdb970000 - 0x00007fffdb999000 	C:\Windows\System32\GDI32.dll
0x00007fffdad50000 - 0x00007fffdae69000 	C:\Windows\System32\gdi32full.dll
0x00007fffdb600000 - 0x00007fffdb69a000 	C:\Windows\System32\msvcp_win.dll
0x00007fffd0d20000 - 0x00007fffd0d2a000 	C:\Windows\SYSTEM32\VERSION.dll
0x00007fffdd010000 - 0x00007fffdd041000 	C:\Windows\System32\IMM32.DLL
0x00007fffcb9a0000 - 0x00007fffcb9ac000 	C:\Program Files\Java\jdk-17\bin\vcruntime140_1.dll
0x00007fffa5f50000 - 0x00007fffa5fde000 	C:\Program Files\Java\jdk-17\bin\msvcp140.dll
0x00007fff9d9d0000 - 0x00007fff9e5af000 	C:\Program Files\Java\jdk-17\bin\server\jvm.dll
0x00007fffdd550000 - 0x00007fffdd558000 	C:\Windows\System32\PSAPI.DLL
0x00007fffd4570000 - 0x00007fffd45a4000 	C:\Windows\SYSTEM32\WINMM.dll
0x00007fffb22e0000 - 0x00007fffb22e9000 	C:\Windows\SYSTEM32\WSOCK32.dll
0x00007fffdd4d0000 - 0x00007fffdd541000 	C:\Windows\System32\WS2_32.dll
0x00007fffd9d30000 - 0x00007fffd9d48000 	C:\Windows\SYSTEM32\kernel.appcore.dll
0x00007fffc73a0000 - 0x00007fffc73aa000 	C:\Program Files\Java\jdk-17\bin\jimage.dll
0x00007fffd84b0000 - 0x00007fffd86e2000 	C:\Windows\SYSTEM32\DBGHELP.DLL
0x00007fffdc3d0000 - 0x00007fffdc75d000 	C:\Windows\System32\combase.dll
0x00007fffdb6a0000 - 0x00007fffdb777000 	C:\Windows\System32\OLEAUT32.dll
0x00007fffc14b0000 - 0x00007fffc14e2000 	C:\Windows\SYSTEM32\dbgcore.DLL
0x00007fffdb4b0000 - 0x00007fffdb52b000 	C:\Windows\System32\bcryptPrimitives.dll
0x00007fffbd5a0000 - 0x00007fffbd5c5000 	C:\Program Files\Java\jdk-17\bin\java.dll

dbghelp: loaded successfully - version: 4.0.5 - missing functions: none
symbol engine: initialized successfully - sym options: 0x614 - pdb path: .;C:\Program Files\Java\jdk-17\bin;C:\Windows\SYSTEM32;C:\Windows\WinSxS\amd64_microsoft.windows.common-controls_6595b64144ccf1df_6.0.22621.3672_none_2713b9d173822955;C:\Program Files\Java\jdk-17\bin\server

VM Arguments:
jvm_args: -Dclassworlds.conf=C:\apache-maven-3.9.8\bin\m2.conf -Dmaven.home=C:\apache-maven-3.9.8 -Dlibrary.jansi.path=C:\apache-maven-3.9.8\lib\jansi-native -Dmaven.multiModuleProjectDirectory=f:\lanchanote 
java_command: org.codehaus.plexus.classworlds.launcher.Launcher --version
java_class_path (initial): C:\apache-maven-3.9.8\boot\plexus-classworlds-2.8.0.jar
Launcher Type: SUN_STANDARD

[Global flags]
     intx CICompilerCount                          = 4                                         {product} {ergonomic}
     uint ConcGCThreads                            = 3                                         {product} {ergonomic}
     uint G1ConcRefinementThreads                  = 10                                        {product} {ergonomic}
   size_t G1HeapRegionSize                         = 4194304                                   {product} {ergonomic}
    uintx GCDrainStackTargetSize                   = 64                                        {product} {ergonomic}
   size_t InitialHeapSize                          = 536870912                                 {product} {ergonomic}
   size_t MarkStackSize                            = 4194304                                   {product} {ergonomic}
   size_t MaxHeapSize                              = 8535408640                                {product} {ergonomic}
   size_t MinHeapDeltaBytes                        = 4194304                                   {product} {ergonomic}
   size_t MinHeapSize                              = 8388608                                   {product} {ergonomic}
    uintx NonNMethodCodeHeapSize                   = 5839372                                {pd product} {ergonomic}
    uintx NonProfiledCodeHeapSize                  = 122909434                              {pd product} {ergonomic}
    uintx ProfiledCodeHeapSize                     = 122909434                              {pd product} {ergonomic}
    uintx ReservedCodeCacheSize                    = 251658240                              {pd product} {ergonomic}
     bool SegmentedCodeCache                       = true                                      {product} {ergonomic}
   size_t SoftMaxHeapSize                          = 8535408640                             {manageable} {ergonomic}
     bool UseCompressedClassPointers               = true                           {product lp64_product} {ergonomic}
     bool UseCompressedOops                        = true                           {product lp64_product} {ergonomic}
     bool UseG1GC                                  = true                                      {product} {ergonomic}
     bool UseLargePagesIndividualAllocation        = false                                  {pd product} {ergonomic}

Logging:
Log output configuration:
 #0: stdout all=warning uptime,level,tags
 #1: stderr all=off uptime,level,tags

Environment Variables:
JAVA_HOME=C:\Program Files\Java\jdk-17
PATH=C:\Program Files\Eclipse Adoptium\jdk-17.0.11.9-hotspot\bin;C:\Program Files\Git\usr\local\bin;C:\Program Files\Git\bin;C:\Program Files\Common Files\Oracle\Java\javapath;C:\Program Files (x86)\Common Files\Oracle\Java\javapath;C:\Windows\system32;C:\Windows;C:\Windows\System32\Wbem;C:\Windows\System32\WindowsPowerShell\v1.0\;C:\Windows\System32\OpenSSH\;C:\Program Files\dotnet\;C:\ProgramData\UNIVALI\Portugol Studio;C:\Program Files\Java\jdk-17bin;C:\Program Files\Git\cmd;C:\TDM-GCC-64\bin;C:\Program Files\LLVM\bin;C:\Program Files\WorldPainter;C:\apache-maven-3.9.8\bin;C:\Users\dudur\AppData\Local\Programs\Python\Python312\Scripts\;C:\Users\dudur\AppData\Local\Programs\Python\Python312\;C:\Users\dudur\AppData\Local\Microsoft\WindowsApps;C:\Users\dudur\AppData\Local\Programs\Microsoft VS Code\bin;C:\Program Files\Java\jdk-17bin;C:\Users\dudur\AppData\Local\GitHubDesktop\bin;C:\apache-maven-3.9.8\bin;
USERNAME=dudur
OS=Windows_NT
PROCESSOR_IDENTIFIER=AMD64 Family 25 Model 80 Stepping 0, AuthenticAMD



---------------  S Y S T E M  ---------------

OS:
 Windows 11 , 64 bit Build 22621 (10.0.22621.3958)
OS uptime: 0 days 4:10 hours

CPU: total 12 (initial active 12) (12 cores per cpu, 2 threads per core) family 25 model 80 stepping 0 microcode 0x0, cx8, cmov, fxsr, ht, mmx, 3dnowpref, sse, sse2, sse3, ssse3, sse4a, sse4.1, sse4.2, popcnt, lzcnt, tsc, tscinvbit, avx, avx2, aes, erms, clmul, bmi1, bmi2, adx, sha, fma, vzeroupper, clflush, clflushopt

Memory: 4k page, system-wide physical 32557M (15733M free)
TotalPageFile size 34605M (AvailPageFile size 337M)
current process WorkingSet (physical memory assigned to process): 11M, peak: 11M
current process commit charge ("private bytes"): 65M, peak: 576M

vm_info: Java HotSpot(TM) 64-Bit Server VM (17.0.10+11-LTS-240) for windows-amd64 JRE (17.0.10+11-LTS-240), built on Dec 19 2023 21:47:25 by "mach5one" with MS VC++ 17.1 (VS2022)

END.
